0 verbose cli D:\nodejs\node.exe D:\nodejs\node_modules\npm\bin\npm-cli.js
1 info using npm@11.6.2
2 info using node@v24.11.1
3 silly config load:file:D:\nodejs\node_modules\npm\npmrc
4 silly config load:file:D:\ideaProject\demo\.npmrc
5 silly config load:file:C:\Users\00109279\.npmrc
6 silly config load:file:D:\nodejs\node_cache\etc\npmrc
7 verbose title npm install echarts@5.4.3
8 verbose argv "install" "echarts@5.4.3" "--save"
9 verbose logfile logs-max:10 dir:D:\ideaProject\demo\.npm-cache\_logs\2026-01-22T07_32_29_592Z-
10 verbose logfile D:\ideaProject\demo\.npm-cache\_logs\2026-01-22T07_32_29_592Z-debug-0.log
11 silly logfile start cleaning logs, removing 1 files
12 silly packumentCache heap:4496293888 maxSize:1124073472 maxEntrySize:562036736
13 silly logfile done cleaning log files
14 silly idealTree buildDeps
15 silly fetch manifest echarts@5.4.3
16 silly packumentCache full:https://registry.npmjs.org/echarts cache-miss
17 http fetch GET 200 https://registry.npmjs.org/echarts 991ms (cache miss)
18 silly packumentCache full:https://registry.npmjs.org/echarts set size:undefined disposed:false
19 silly placeDep ROOT echarts@5.4.3 OK for:  want: 5.4.3
20 silly fetch manifest tslib@2.3.0
21 silly packumentCache full:https://registry.npmjs.org/tslib cache-miss
22 silly fetch manifest zrender@5.4.4
23 silly packumentCache full:https://registry.npmjs.org/zrender cache-miss
24 http fetch GET 200 https://registry.npmjs.org/tslib 255ms (cache miss)
25 silly packumentCache full:https://registry.npmjs.org/tslib set size:undefined disposed:false
26 http fetch GET 200 https://registry.npmjs.org/zrender 845ms (cache miss)
27 silly packumentCache full:https://registry.npmjs.org/zrender set size:undefined disposed:false
28 silly placeDep ROOT tslib@2.3.0 OK for: echarts@5.4.3 want: 2.3.0
29 silly placeDep ROOT zrender@5.4.4 OK for: echarts@5.4.3 want: 5.4.4
30 silly reify moves {}
31 http cache zrender@https://registry.npmjs.org/zrender/-/zrender-5.4.4.tgz 0ms (cache hit)
32 http cache tslib@https://registry.npmjs.org/tslib/-/tslib-2.3.0.tgz 0ms (cache hit)
33 http cache echarts@https://registry.npmjs.org/echarts/-/echarts-5.4.3.tgz 0ms (cache hit)
34 silly tarball no local data for zrender@https://registry.npmjs.org/zrender/-/zrender-5.4.4.tgz. Extracting by manifest.
35 silly tarball no local data for tslib@https://registry.npmjs.org/tslib/-/tslib-2.3.0.tgz. Extracting by manifest.
36 silly tarball no local data for echarts@https://registry.npmjs.org/echarts/-/echarts-5.4.3.tgz. Extracting by manifest.
37 http fetch GET 200 https://registry.npmjs.org/tslib/-/tslib-2.3.0.tgz 242ms (cache miss)
38 http fetch GET 200 https://registry.npmjs.org/zrender/-/zrender-5.4.4.tgz 2714ms (cache miss)
39 http fetch GET 200 https://registry.npmjs.org/echarts/-/echarts-5.4.3.tgz 19619ms (cache miss)
40 silly ADD node_modules/zrender
41 silly ADD node_modules/tslib
42 silly ADD node_modules/echarts
43 verbose cwd D:\ideaProject\demo
44 verbose os Windows_NT 10.0.18363
45 verbose node v24.11.1
46 verbose npm  v11.6.2
47 verbose exit 0
48 info ok
