0 verbose cli D:\nodejs\node.exe D:\nodejs\node_modules\npm\bin\npm-cli.js
1 info using npm@11.6.2
2 info using node@v24.11.1
3 silly config load:file:D:\nodejs\node_modules\npm\npmrc
4 silly config load:file:D:\ideaProject\demo\src\main\resources\movie-fronted\.npmrc
5 silly config load:file:C:\Users\00109279\.npmrc
6 silly config load:file:D:\nodejs\node_cache\etc\npmrc
7 verbose title npm install echarts echarts/map/js/china.js
8 verbose argv "install" "--save" "echarts" "echarts/map/js/china.js"
9 verbose logfile logs-max:10 dir:D:\ideaProject\demo\.npm-cache\_logs\2026-01-22T07_30_07_813Z-
10 verbose logfile D:\ideaProject\demo\.npm-cache\_logs\2026-01-22T07_30_07_813Z-debug-0.log
11 silly logfile start cleaning logs, removing 1 files
12 silly packumentCache heap:4496293888 maxSize:1124073472 maxEntrySize:562036736
13 silly logfile done cleaning log files
14 verbose stack Error: Could not read package.json: Error: ENOENT: no such file or directory, open 'D:\ideaProject\demo\src\main\resources\movie-fronted\echarts\map\js\china.js\package.json'
14 verbose stack     at async open (node:internal/fs/promises:642:25)
14 verbose stack     at async readFile (node:internal/fs/promises:1279:14)
14 verbose stack     at async read (D:\nodejs\node_modules\npm\node_modules\@npmcli\package-json\lib\read-package.js:9:18)
14 verbose stack     at async PackageJson.load (D:\nodejs\node_modules\npm\node_modules\@npmcli\package-json\lib\index.js:131:31)
14 verbose stack     at async PackageJson.normalize (D:\nodejs\node_modules\npm\node_modules\@npmcli\package-json\lib\index.js:117:5)
14 verbose stack     at async D:\nodejs\node_modules\npm\node_modules\@npmcli\arborist\lib\arborist\build-ideal-tree.js:539:22
14 verbose stack     at async Promise.all (index 1)
14 verbose stack     at async #add (D:\nodejs\node_modules\npm\node_modules\@npmcli\arborist\lib\arborist\build-ideal-tree.js:528:5)
14 verbose stack     at async #applyUserRequestsToNode (D:\nodejs\node_modules\npm\node_modules\@npmcli\arborist\lib\arborist\build-ideal-tree.js:497:7)
14 verbose stack     at async #applyUserRequests (D:\nodejs\node_modules\npm\node_modules\@npmcli\arborist\lib\arborist\build-ideal-tree.js:433:7)
15 error code ENOENT
16 error syscall open
17 error path D:\ideaProject\demo\src\main\resources\movie-fronted\echarts\map\js\china.js\package.json
18 error errno -4058
19 error enoent Could not read package.json: Error: ENOENT: no such file or directory, open 'D:\ideaProject\demo\src\main\resources\movie-fronted\echarts\map\js\china.js\package.json'
20 error enoent This is related to npm not being able to find a file.
20 error enoent
21 silly unfinished npm timer reify 1769067009870
22 silly unfinished npm timer reify:loadTrees 1769067009870
23 silly unfinished npm timer idealTree:userRequests 1769067010291
24 verbose cwd D:\ideaProject\demo\src\main\resources\movie-fronted
25 verbose os Windows_NT 10.0.18363
26 verbose node v24.11.1
27 verbose npm  v11.6.2
28 verbose exit -4058
29 verbose code -4058
30 error A complete log of this run can be found in: D:\ideaProject\demo\.npm-cache\_logs\2026-01-22T07_30_07_813Z-debug-0.log
